<?xml version="1.0" encoding="UTF-8"?>
<!-- Generated by org.testng.reporters.JUnitXMLReporter -->
<testsuite ignored="0" hostname="DESKTOP-8OH464O" failures="0" tests="3" name="FlipkartTest" time="1.818" errors="0" timestamp="2025-06-19T16:27:09 IST">
  <testcase classname="com.flipkart.base.BaseClass" name="@BeforeMethod startBrowser" time="0.66">
    <failure type="org.openqa.selenium.remote.NoSuchDriverException" message="chromedriver located at C:\WINDOWS\system32\config\systemprofile\.cache\selenium\chromedriver\win64\137.0.7151.119\chromedriver.exe, but invalid
For documentation on this error, please visit: https://www.selenium.dev/documentation/webdriver/troubleshooting/errors/driver_location/
Build info: version: &amp;apos;4.11.0&amp;apos;, revision: &amp;apos;040bc5406b&amp;apos;
System info: os.name: &amp;apos;Windows 11&amp;apos;, os.arch: &amp;apos;amd64&amp;apos;, os.version: &amp;apos;10.0&amp;apos;, java.version: &amp;apos;17.0.12&amp;apos;
Driver info: driver.version: ChromeDriver">
      <![CDATA[org.openqa.selenium.remote.NoSuchDriverException: chromedriver located at C:\WINDOWS\system32\config\systemprofile\.cache\selenium\chromedriver\win64\137.0.7151.119\chromedriver.exe, but invalid
For documentation on this error, please visit: https://www.selenium.dev/documentation/webdriver/troubleshooting/errors/driver_location/
Build info: version: '4.11.0', revision: '040bc5406b'
System info: os.name: 'Windows 11', os.arch: 'amd64', os.version: '10.0', java.version: '17.0.12'
Driver info: driver.version: ChromeDriver
at org.openqa.selenium.remote.service.DriverFinder.getPath(DriverFinder.java:45)
at org.openqa.selenium.remote.service.DriverFinder.getPath(DriverFinder.java:13)
at org.openqa.selenium.chrome.ChromeDriver.generateExecutor(ChromeDriver.java:99)
at org.openqa.selenium.chrome.ChromeDriver.<init>(ChromeDriver.java:88)
at org.openqa.selenium.chrome.ChromeDriver.<init>(ChromeDriver.java:83)
at org.openqa.selenium.chrome.ChromeDriver.<init>(ChromeDriver.java:72)
at com.flipkart.base.BrowserFactory.initDriver(BrowserFactory.java:23)
at com.flipkart.base.BaseClass.startBrowser(BaseClass.java:12)
at java.base/java.util.ArrayList.forEach(ArrayList.java:1511)
... Removed 35 stack frames]]>
    </failure>
  </testcase> <!-- @BeforeMethod startBrowser -->
  <testcase classname="com.flipkart.base.BaseClass" name="@AfterMethod quiteBrowser" time="0.0">
    <skipped/>
  </testcase> <!-- @AfterMethod quiteBrowser -->
  <testcase classname="com.flipkart.base.BaseClass" name="@BeforeMethod startBrowser" time="0.0">
    <skipped/>
  </testcase> <!-- @BeforeMethod startBrowser -->
  <testcase classname="com.flipkart.base.BaseClass" name="@AfterMethod quiteBrowser" time="0.0">
    <skipped/>
  </testcase> <!-- @AfterMethod quiteBrowser -->
  <testcase classname="com.flipkart.base.BaseClass" name="@BeforeMethod startBrowser" time="0.0">
    <skipped/>
  </testcase> <!-- @BeforeMethod startBrowser -->
  <testcase classname="com.flipkart.base.BaseClass" name="@AfterMethod quiteBrowser" time="0.0">
    <skipped/>
  </testcase> <!-- @AfterMethod quiteBrowser -->
  <testcase classname="com.flipkart.testcases.TC01HomePage" name="searchProduct" time="0.0">
    <skipped/>
  </testcase> <!-- searchProduct -->
  <testcase classname="com.flipkart.testcases.TC01HomePage" name="searchProduct" time="0.0">
    <skipped/>
  </testcase> <!-- searchProduct -->
  <testcase classname="com.flipkart.testcases.TC01HomePage" name="searchProduct" time="0.0">
    <skipped/>
  </testcase> <!-- searchProduct -->
</testsuite> <!-- FlipkartTest -->
